[1;30m$ docker build -t jupyter:latest -t jupyter:4.4 --build-arg http_proxy=http://192.168.56.31:3128 --build-arg https_proxy=http://192.168.56.31:3128 --build-arg no_proxy=192.168.56.101,docker1.hostonly.com,gitlab.acc.edf.fr,si-devops-gitlab.edf.fr --build-arg URL_DOWNLOAD=http://192.168.56.101/pub /home/harold/git/hub/deploy/docker/jupyter[m
Sending build context to Docker daemon  4.096kB
Step 1/18 : FROM alpine-glibc
 ---> 73f7ed1bdf11
Step 2/18 : ARG URL_DOWNLOAD=""
 ---> Using cache
 ---> 950a54ce86e4
Step 3/18 : ARG CONDA_PACKAGES=matplotlib,pandas,jupyter,scikit-learn,plotly
 ---> Using cache
 ---> d57cca366a7a
Step 4/18 : ARG CONDA_FORGE_PACKAGES=python-avro,ipywidgets
 ---> Using cache
 ---> d726a47d7443
Step 5/18 : ENV LANG C.UTF-8
 ---> Using cache
 ---> 639be8058d11
Step 6/18 : ENV CONDA_VERSION 4.4.10
 ---> Using cache
 ---> 9d5dcb281107
Step 7/18 : ENV JUPYTER_VERSION 4.4
 ---> Using cache
 ---> 356b0a01c66b
Step 8/18 : LABEL Description="Conda/Jupyter Server $JUPYTER_VERSION"
 ---> Using cache
 ---> b89ff13b2fdf
Step 9/18 : LABEL Usage="docker run -d --name=jupyter --network=udn --mount source=jupyter,target=/data -p 8888:8888 jupyter start"
 ---> Using cache
 ---> 0e2169fa5f1d
Step 10/18 : ENV PATH /opt/conda/bin:$PATH
 ---> Using cache
 ---> c1687f9ce101
Step 11/18 : RUN set -x &&     echo 'export PATH=/opt/conda/bin:$PATH' > /etc/profile.d/conda.sh &&     curl -s ${URL_DOWNLOAD:-https://repo.anaconda.com}/miniconda/Miniconda2-${CONDA_VERSION}-Linux-x86_64.sh -o ~/miniconda.sh &&     /bin/bash ~/miniconda.sh -b -p /opt/conda &&     rm ~/miniconda.sh  &&     conda config --add channels ${URL_DOWNLOAD:-https://repo.anaconda.com}/pkgs/main &&     conda update --yes --name base conda &&     conda install --yes ${CONDA_PACKAGES//,/ } &&     conda config --add channels ${URL_DOWNLOAD:-https://conda.anaconda.org}/conda-forge &&     conda install --yes ${CONDA_FORGE_PACKAGES//,/ } &&     adduser -D -h /data -s /bin/bash jupyter
 ---> Using cache
 ---> 43a38f557a59
Step 12/18 : COPY entrypoint.sh /
 ---> Using cache
 ---> 92a98de444ae
Step 13/18 : USER jupyter
 ---> Using cache
 ---> 92f46dbede14
Step 14/18 : WORKDIR /data
 ---> Using cache
 ---> 7a881a17b209
Step 15/18 : EXPOSE 8888
 ---> Using cache
 ---> d687ed912eff
Step 16/18 : VOLUME /data
 ---> Using cache
 ---> 3eef86bb4b36
Step 17/18 : ENTRYPOINT ["/entrypoint.sh"]
 ---> Using cache
 ---> 44c86b77f092
Step 18/18 : CMD ["start"]
 ---> Using cache
 ---> d083b5bdacb5
Successfully built d083b5bdacb5
Successfully tagged jupyter:latest
Successfully tagged jupyter:4.4
